Release 14.7 - xst P.20131013 (nt64)
Copyright (c) 1995-2013 Xilinx, Inc.  All rights reserved.
--> Parameter TMPDIR set to xst/projnav.tmp


Total REAL time to Xst completion: 1.00 secs
Total CPU time to Xst completion: 0.09 secs
 
--> Parameter xsthdpdir set to xst


Total REAL time to Xst completion: 1.00 secs
Total CPU time to Xst completion: 0.10 secs
 
--> Reading design: hex2seg.prj

TABLE OF CONTENTS
  1) Synthesis Options Summary
  2) HDL Parsing
  3) HDL Elaboration
  4) HDL Synthesis
       4.1) HDL Synthesis Report
  5) Advanced HDL Synthesis
       5.1) Advanced HDL Synthesis Report
  6) Low Level Synthesis
  7) Partition Report
  8) Design Summary
       8.1) Primitive and Black Box Usage
       8.2) Device utilization summary
       8.3) Partition Resource Summary
       8.4) Timing Report
            8.4.1) Clock Information
            8.4.2) Asynchronous Control Signals Information
            8.4.3) Timing Summary
            8.4.4) Timing Details
            8.4.5) Cross Clock Domains Report


=========================================================================
*                      Synthesis Options Summary                        *
=========================================================================
---- Source Parameters
Input File Name                    : "hex2seg.prj"
Ignore Synthesis Constraint File   : NO

---- Target Parameters
Output File Name                   : "hex2seg"
Output Format                      : NGC
Target Device                      : xc6vlx75t-2-ff784

---- Source Options
Top Module Name                    : hex2seg
Automatic FSM Extraction           : YES
FSM Encoding Algorithm             : Auto
Safe Implementation                : No
FSM Style                          : LUT
RAM Extraction                     : Yes
RAM Style                          : Auto
ROM Extraction                     : Yes
Shift Register Extraction          : YES
ROM Style                          : Auto
Resource Sharing                   : YES
Asynchronous To Synchronous        : NO
Shift Register Minimum Size        : 2
Use DSP Block                      : Auto
Automatic Register Balancing       : No

---- Target Options
LUT Combining                      : Auto
Reduce Control Sets                : Auto
Add IO Buffers                     : YES
Global Maximum Fanout              : 100000
Add Generic Clock Buffer(BUFG)     : 32
Register Duplication               : YES
Optimize Instantiated Primitives   : NO
Use Clock Enable                   : Auto
Use Synchronous Set                : Auto
Use Synchronous Reset              : Auto
Pack IO Registers into IOBs        : Auto
Equivalent register Removal        : YES

---- General Options
Optimization Goal                  : Speed
Optimization Effort                : 1
Power Reduction                    : NO
Keep Hierarchy                     : No
Netlist Hierarchy                  : As_Optimized
RTL Output                         : Yes
Global Optimization                : AllClockNets
Read Cores                         : YES
Write Timing Constraints           : NO
Cross Clock Analysis               : NO
Hierarchy Separator                : /
Bus Delimiter                      : <>
Case Specifier                     : Maintain
Slice Utilization Ratio            : 100
BRAM Utilization Ratio             : 100
DSP48 Utilization Ratio            : 100
Auto BRAM Packing                  : NO
Slice Utilization Ratio Delta      : 5

=========================================================================


=========================================================================
*                          HDL Parsing                                  *
=========================================================================
Analyzing Verilog file "D:\Documents\Code\Verilog\FPGA_in_class\hex2seg\hex2seg.v" into library work
Parsing module <hex2seg>.

=========================================================================
*                            HDL Elaboration                            *
=========================================================================

Elaborating module <hex2seg>.
WARNING:HDLCompiler:413 - "D:\Documents\Code\Verilog\FPGA_in_class\hex2seg\hex2seg.v" Line 32: Result of 7-bit expression is truncated to fit in 1-bit target.
WARNING:HDLCompiler:413 - "D:\Documents\Code\Verilog\FPGA_in_class\hex2seg\hex2seg.v" Line 35: Result of 7-bit expression is truncated to fit in 1-bit target.
WARNING:HDLCompiler:413 - "D:\Documents\Code\Verilog\FPGA_in_class\hex2seg\hex2seg.v" Line 36: Result of 7-bit expression is truncated to fit in 1-bit target.
WARNING:HDLCompiler:413 - "D:\Documents\Code\Verilog\FPGA_in_class\hex2seg\hex2seg.v" Line 37: Result of 6-bit expression is truncated to fit in 1-bit target.
WARNING:HDLCompiler:413 - "D:\Documents\Code\Verilog\FPGA_in_class\hex2seg\hex2seg.v" Line 38: Result of 6-bit expression is truncated to fit in 1-bit target.
WARNING:HDLCompiler:413 - "D:\Documents\Code\Verilog\FPGA_in_class\hex2seg\hex2seg.v" Line 39: Result of 5-bit expression is truncated to fit in 1-bit target.
WARNING:HDLCompiler:413 - "D:\Documents\Code\Verilog\FPGA_in_class\hex2seg\hex2seg.v" Line 40: Result of 5-bit expression is truncated to fit in 1-bit target.
WARNING:HDLCompiler:413 - "D:\Documents\Code\Verilog\FPGA_in_class\hex2seg\hex2seg.v" Line 41: Result of 2-bit expression is truncated to fit in 1-bit target.
WARNING:HDLCompiler:413 - "D:\Documents\Code\Verilog\FPGA_in_class\hex2seg\hex2seg.v" Line 42: Result of 7-bit expression is truncated to fit in 1-bit target.
WARNING:HDLCompiler:413 - "D:\Documents\Code\Verilog\FPGA_in_class\hex2seg\hex2seg.v" Line 44: Result of 5-bit expression is truncated to fit in 1-bit target.
WARNING:HDLCompiler:413 - "D:\Documents\Code\Verilog\FPGA_in_class\hex2seg\hex2seg.v" Line 45: Result of 7-bit expression is truncated to fit in 1-bit target.
WARNING:HDLCompiler:413 - "D:\Documents\Code\Verilog\FPGA_in_class\hex2seg\hex2seg.v" Line 49: Result of 7-bit expression is truncated to fit in 1-bit target.
WARNING:HDLCompiler:413 - "D:\Documents\Code\Verilog\FPGA_in_class\hex2seg\hex2seg.v" Line 51: Result of 7-bit expression is truncated to fit in 1-bit target.
WARNING:HDLCompiler:413 - "D:\Documents\Code\Verilog\FPGA_in_class\hex2seg\hex2seg.v" Line 52: Result of 7-bit expression is truncated to fit in 1-bit target.
WARNING:HDLCompiler:413 - "D:\Documents\Code\Verilog\FPGA_in_class\hex2seg\hex2seg.v" Line 53: Result of 6-bit expression is truncated to fit in 1-bit target.
WARNING:HDLCompiler:413 - "D:\Documents\Code\Verilog\FPGA_in_class\hex2seg\hex2seg.v" Line 54: Result of 6-bit expression is truncated to fit in 1-bit target.
WARNING:HDLCompiler:413 - "D:\Documents\Code\Verilog\FPGA_in_class\hex2seg\hex2seg.v" Line 55: Result of 5-bit expression is truncated to fit in 1-bit target.
WARNING:HDLCompiler:413 - "D:\Documents\Code\Verilog\FPGA_in_class\hex2seg\hex2seg.v" Line 56: Result of 5-bit expression is truncated to fit in 1-bit target.
WARNING:HDLCompiler:413 - "D:\Documents\Code\Verilog\FPGA_in_class\hex2seg\hex2seg.v" Line 57: Result of 2-bit expression is truncated to fit in 1-bit target.
WARNING:HDLCompiler:413 - "D:\Documents\Code\Verilog\FPGA_in_class\hex2seg\hex2seg.v" Line 58: Result of 7-bit expression is truncated to fit in 1-bit target.
WARNING:HDLCompiler:413 - "D:\Documents\Code\Verilog\FPGA_in_class\hex2seg\hex2seg.v" Line 60: Result of 5-bit expression is truncated to fit in 1-bit target.
WARNING:HDLCompiler:413 - "D:\Documents\Code\Verilog\FPGA_in_class\hex2seg\hex2seg.v" Line 61: Result of 7-bit expression is truncated to fit in 1-bit target.

=========================================================================
*                           HDL Synthesis                               *
=========================================================================

Synthesizing Unit <hex2seg>.
    Related source file is "D:\Documents\Code\Verilog\FPGA_in_class\hex2seg\hex2seg.v".
    Found 4-bit subtractor for signal <i_hex[3]_PWR_1_o_sub_2_OUT> created at line 34.
    Found 4-bit comparator greater for signal <o_seg_1> created at line 31
    Summary:
	inferred   1 Adder/Subtractor(s).
	inferred   1 Comparator(s).
	inferred   1 Multiplexer(s).
Unit <hex2seg> synthesized.

=========================================================================
HDL Synthesis Report

Macro Statistics
# Adders/Subtractors                                   : 1
 4-bit subtractor                                      : 1
# Comparators                                          : 1
 4-bit comparator greater                              : 1
# Multiplexers                                         : 1
 1-bit 2-to-1 multiplexer                              : 1

=========================================================================

=========================================================================
*                       Advanced HDL Synthesis                          *
=========================================================================


=========================================================================
Advanced HDL Synthesis Report

Macro Statistics
# Adders/Subtractors                                   : 1
 4-bit subtractor                                      : 1
# Comparators                                          : 1
 4-bit comparator greater                              : 1

=========================================================================

=========================================================================
*                         Low Level Synthesis                           *
=========================================================================

Optimizing unit <hex2seg> ...

Mapping all equations...
Building and optimizing final netlist ...
Found area constraint ratio of 100 (+ 5) on block hex2seg, actual ratio is 0.

Final Macro Processing ...

=========================================================================
Final Register Report

Found no macro
=========================================================================

=========================================================================
*                           Partition Report                            *
=========================================================================

Partition Implementation Status
-------------------------------

  No Partitions were found in this design.

-------------------------------

=========================================================================
*                            Design Summary                             *
=========================================================================

Top Level Output File Name         : hex2seg.ngc

Primitive and Black Box Usage:
------------------------------
# BELS                             : 2
#      LUT4                        : 2
# IO Buffers                       : 6
#      IBUF                        : 4
#      OBUF                        : 2

Device utilization summary:
---------------------------

Selected Device : 6vlx75tff784-2 


Slice Logic Utilization: 
 Number of Slice LUTs:                    2  out of  46560     0%  
    Number used as Logic:                 2  out of  46560     0%  

Slice Logic Distribution: 
 Number of LUT Flip Flop pairs used:      2
   Number with an unused Flip Flop:       2  out of      2   100%  
   Number with an unused LUT:             0  out of      2     0%  
   Number of fully used LUT-FF pairs:     0  out of      2     0%  
   Number of unique control sets:         0

IO Utilization: 
 Number of IOs:                           6
 Number of bonded IOBs:                   6  out of    360     1%  

Specific Feature Utilization:

---------------------------
Partition Resource Summary:
---------------------------

  No Partitions were found in this design.

---------------------------


=========================================================================
Timing Report

NOTE: THESE TIMING NUMBERS ARE ONLY A SYNTHESIS ESTIMATE.
      FOR ACCURATE TIMING INFORMATION PLEASE REFER TO THE TRACE REPORT
      GENERATED AFTER PLACE-and-ROUTE.

Clock Information:
------------------
No clock signals found in this design

Asynchronous Control Signals Information:
----------------------------------------
No asynchronous control signals found in this design

Timing Summary:
---------------
Speed Grade: -2

   Minimum period: No path found
   Minimum input arrival time before clock: No path found
   Maximum output required time after clock: No path found
   Maximum combinational path delay: 0.977ns

Timing Details:
---------------
All values displayed in nanoseconds (ns)

=========================================================================
Timing constraint: Default path analysis
  Total number of paths / destination ports: 8 / 2
-------------------------------------------------------------------------
Delay:               0.977ns (Levels of Logic = 3)
  Source:            i_hex<3> (PAD)
  Destination:       o_seg_1 (PAD)

  Data Path: i_hex<3> to o_seg_1
                                Gate     Net
    Cell:in->out      fanout   Delay   Delay  Logical Name (Net Name)
    ----------------------------------------  ------------
     IBUF:I->O             2   0.003   0.571  i_hex_3_IBUF (Msub_i_hex[3]_PWR_1_o_sub_2_OUT_lut<3>)
     LUT4:I0->O            1   0.061   0.339  o_seg_11 (o_seg_1_OBUF)
     OBUF:I->O                 0.003          o_seg_1_OBUF (o_seg_1)
    ----------------------------------------
    Total                      0.977ns (0.067ns logic, 0.910ns route)
                                       (6.9% logic, 93.1% route)

=========================================================================

Cross Clock Domains Report:
--------------------------

=========================================================================


Total REAL time to Xst completion: 6.00 secs
Total CPU time to Xst completion: 5.59 secs
 
--> 

Total memory usage is 4519140 kilobytes

Number of errors   :    0 (   0 filtered)
Number of warnings :   22 (   0 filtered)
Number of infos    :    0 (   0 filtered)

