Running: C:\Xilinx\14.7\ISE_DS\ISE\bin\nt64\unwrapped\fuse.exe -intstyle ise -incremental -lib unisims_ver -lib unimacro_ver -lib xilinxcorelib_ver -lib secureip -o D:/Documents/Code/Verilog/FPGA_in_class/comparator_4/tb_comparator_4_isim_beh.exe -prj D:/Documents/Code/Verilog/FPGA_in_class/comparator_4/tb_comparator_4_beh.prj work.tb_comparator_4 work.glbl 
ISim P.20131013 (signature 0x7708f090)
Number of CPUs detected in this system: 8
Turning on mult-threading, number of parallel sub-compilation jobs: 16 
Determining compilation order of HDL files
Analyzing Verilog file "D:/Documents/Code/Verilog/FPGA_in_class/comparator_4/comparator_1.v" into library work
Analyzing Verilog file "D:/Documents/Code/Verilog/FPGA_in_class/comparator_4/comparator_4.v" into library work
Analyzing Verilog file "D:/Documents/Code/Verilog/FPGA_in_class/comparator_4/tb_comparator_4.v" into library work
Analyzing Verilog file "C:/Xilinx/14.7/ISE_DS/ISE//verilog/src/glbl.v" into library work
Starting static elaboration
Completed static elaboration
Compiling module comparator_1
Compiling module comparator_4
Compiling module tb_comparator_4
Compiling module glbl
Time Resolution for simulation is 1ps.
Waiting for 1 sub-compilation(s) to finish...
Compiled 4 Verilog Units
Built simulation executable D:/Documents/Code/Verilog/FPGA_in_class/comparator_4/tb_comparator_4_isim_beh.exe
Fuse Memory Usage: 27904 KB
Fuse CPU Usage: 358 ms
